Using pre-set license
Built from '2021.1/staging' branch; Version is '2021.1.17f1 (03b40fe07a36) revision 242703'; Using compiler version '192528614'; Build Type 'Release'
OS: 'Windows 10 Pro; OS build 19043.1586; Version 2009; 64bit' Language: 'en' Physical Memory: 16334 MB
BatchMode: 1, IsHumanControllingUs: 0, StartBugReporterOnCrash: 0, Is64bit: 1, IsPro: 0

 COMMAND LINE ARGUMENTS:
C:\Program Files\Unity\Hub\Editor\2021.1.17f1\Editor\Unity.exe
-adb2
-batchMode
-noUpm
-name
AssetImportWorker0
-projectPath
C:/Users/Doga/Desktop/UnityProjects/OfficeFever
-logFile
Logs/AssetImportWorker0.log
-srvPort
60284
Successfully changed project path to: C:/Users/Doga/Desktop/UnityProjects/OfficeFever
C:/Users/Doga/Desktop/UnityProjects/OfficeFever
Using Asset Import Pipeline V2.
Refreshing native plugins compatible for Editor in 105.91 ms, found 3 plugins.
Preloading 0 native plugins for Editor in 0.00 ms.
Initialize engine version: 2021.1.17f1 (03b40fe07a36)
[Subsystems] Discovering subsystems at path C:/Program Files/Unity/Hub/Editor/2021.1.17f1/Editor/Data/Resources/UnitySubsystems
[Subsystems] Discovering subsystems at path C:/Users/Doga/Desktop/UnityProjects/OfficeFever/Assets
GfxDevice: creating device client; threaded=0; jobified=0
Direct3D:
    Version:  Direct3D 11.0 [level 11.1]
    Renderer: AMD Radeon RX 5700 XT (ID=0x731f)
    Vendor:   ATI
    VRAM:     8151 MB
    Driver:   30.0.15002.1004
Initialize mono
Mono path[0] = 'C:/Program Files/Unity/Hub/Editor/2021.1.17f1/Editor/Data/Managed'
Mono path[1] = 'C:/Program Files/Unity/Hub/Editor/2021.1.17f1/Editor/Data/MonoBleedingEdge/lib/mono/unityjit'
Mono config path = 'C:/Program Files/Unity/Hub/Editor/2021.1.17f1/Editor/Data/MonoBleedingEdge/etc'
Using monoOptions --debugger-agent=transport=dt_socket,embedding=1,server=y,suspend=n,address=127.0.0.1:56300
Begin MonoManager ReloadAssembly
Registering precompiled unity dll's ...
Register platform support module: C:/Program Files/Unity/Hub/Editor/2021.1.17f1/Editor/Data/PlaybackEngines/WindowsStandaloneSupport/UnityEditor.WindowsStandalone.Extensions.dll
Registered in 0.001344 seconds.
Native extension for WindowsStandalone target not found
Refreshing native plugins compatible for Editor in 114.30 ms, found 3 plugins.
Preloading 0 native plugins for Editor in 0.00 ms.
Mono: successfully reloaded assembly
- Completed reload, in  2.213 seconds
Domain Reload Profiling:
	ReloadAssembly (2214ms)
		BeginReloadAssembly (56ms)
			ExecutionOrderSort (0ms)
			DisableScriptedObjects (0ms)
			BackupInstance (0ms)
			ReleaseScriptingObjects (0ms)
			CreateAndSetChildDomain (1ms)
		EndReloadAssembly (506ms)
			LoadAssemblies (54ms)
			RebuildTransferFunctionScriptingTraits (0ms)
			SetupTypeCache (164ms)
			ReleaseScriptCaches (0ms)
			RebuildScriptCaches (33ms)
			SetupLoadedEditorAssemblies (259ms)
				LogAssemblyErrors (0ms)
				InitializePlatformSupportModulesInManaged (6ms)
				SetLoadedEditorAssemblies (0ms)
				RefreshPlugins (114ms)
				BeforeProcessingInitializeOnLoad (1ms)
				ProcessInitializeOnLoadAttributes (107ms)
				ProcessInitializeOnLoadMethodAttributes (30ms)
				AfterProcessingInitializeOnLoad (0ms)
				EditorAssembliesLoaded (0ms)
			ExecutionOrderSort2 (0ms)
			AwakeInstancesAfterBackupRestoration (0ms)
Platform modules already initialized, skipping
Registering precompiled user dll's ...
Registered in 0.005242 seconds.
Begin MonoManager ReloadAssembly
Symbol file LoadedFromMemory doesn't match image C:\Users\Doga\Desktop\UnityProjects\OfficeFever\Library\PackageCache\com.unity.visualscripting@1.6.1\Editor\VisualScripting.Core\Dependencies\YamlDotNet\Unity.VisualScripting.YamlDotNet.dll
Symbol file LoadedFromMemory doesn't match image C:\Users\Doga\Desktop\UnityProjects\OfficeFever\Library\PackageCache\com.unity.visualscripting@1.6.1\Editor\VisualScripting.Core\Dependencies\DotNetZip\Unity.VisualScripting.IonicZip.dll
Native extension for WindowsStandalone target not found
Refreshing native plugins compatible for Editor in 114.67 ms, found 3 plugins.
Preloading 0 native plugins for Editor in 0.00 ms.
Mono: successfully reloaded assembly
- Completed reload, in  1.390 seconds
Domain Reload Profiling:
	ReloadAssembly (1390ms)
		BeginReloadAssembly (149ms)
			ExecutionOrderSort (0ms)
			DisableScriptedObjects (5ms)
			BackupInstance (0ms)
			ReleaseScriptingObjects (0ms)
			CreateAndSetChildDomain (22ms)
		EndReloadAssembly (1188ms)
			LoadAssemblies (86ms)
			RebuildTransferFunctionScriptingTraits (0ms)
			SetupTypeCache (347ms)
			ReleaseScriptCaches (1ms)
			RebuildScriptCaches (65ms)
			SetupLoadedEditorAssemblies (594ms)
				LogAssemblyErrors (0ms)
				InitializePlatformSupportModulesInManaged (5ms)
				SetLoadedEditorAssemblies (0ms)
				RefreshPlugins (115ms)
				BeforeProcessingInitializeOnLoad (74ms)
				ProcessInitializeOnLoadAttributes (388ms)
				ProcessInitializeOnLoadMethodAttributes (7ms)
				AfterProcessingInitializeOnLoad (5ms)
				EditorAssembliesLoaded (0ms)
			ExecutionOrderSort2 (0ms)
			AwakeInstancesAfterBackupRestoration (7ms)
Platform modules already initialized, skipping
========================================================================
Worker process is ready to serve import requests
Launched and connected shader compiler UnityShaderCompiler.exe after 0.04 seconds
Refreshing native plugins compatible for Editor in 1.27 ms, found 3 plugins.
Preloading 0 native plugins for Editor in 0.00 ms.
Unloading 3390 Unused Serialized files (Serialized files now loaded: 0)
System memory in use before: 128.1 MB.
System memory in use after: 128.3 MB.

Unloading 26 unused Assets to reduce memory usage. Loaded Objects now: 3841.
Total: 3.814200 ms (FindLiveObjects: 0.327700 ms CreateObjectMapping: 0.089500 ms MarkObjects: 3.322500 ms  DeleteObjects: 0.073300 ms)

AssetImportParameters requested are different than current active one (requested -> active):
  custom:framework-win-MediaFoundation: 216162199b28c13a410421893ffa2e32 -> 
  custom:video-decoder-ogg-theora: a1e56fd34408186e4bbccfd4996cb3dc -> 
  custom:container-muxer-webm: aa71ff27fc2769a1b78a27578f13a17b -> 
  custom:container-demuxer-webm: 4f35f7cbe854078d1ac9338744f61a02 -> 
  custom:container-demuxer-ogg: 62fdf1f143b41e24485cea50d1cbac27 -> 
  custom:video-encoder-webm-vp8: eb34c28f22e8b96e1ab97ce403110664 -> 
  custom:video-decoder-webm-vp8: 9c59270c3fd7afecdb556c50c9e8de78 -> 
  custom:audio-decoder-ogg-vorbis: bf7c407c2cedff20999df2af8eb42d56 -> 
  custom:audio-encoder-webm-vorbis: bf7c407c2cedff20999df2af8eb42d56 -> 
========================================================================
Received Import Request.
  path: Assets/Crafting Mecanim Animation Pack FREE/Animations/Crafter@WalkForward.FBX
  artifactKey: Guid(b1951e8b17a834a46b2ddc9785879328) Importer(815301076,1909f56bfc062723c751e8b465ee728b)
Start importing Assets/Crafting Mecanim Animation Pack FREE/Animations/Crafter@WalkForward.FBX using Guid(b1951e8b17a834a46b2ddc9785879328) Importer(815301076,1909f56bfc062723c751e8b465ee728b)  -> (artifact id: '2c5846909c15a7ccd75ff3cb7f4773ad') in 0.326376 seconds 
========================================================================
Received Import Request.
  Time since last request: 0.000204 seconds.
  path: Assets/AnimeGirlIdleAnimations_free/Animations/01_Idles/AGIA_Idle_energetic_01_right_fist_up.fbx
  artifactKey: Guid(758b82f7bd5f76242b36b955a4b381c7) Importer(815301076,1909f56bfc062723c751e8b465ee728b)
Start importing Assets/AnimeGirlIdleAnimations_free/Animations/01_Idles/AGIA_Idle_energetic_01_right_fist_up.fbx using Guid(758b82f7bd5f76242b36b955a4b381c7) Importer(815301076,1909f56bfc062723c751e8b465ee728b)  -> (artifact id: '9cf5abef354e7717c470d1b7d40637de') in 0.016038 seconds 
========================================================================
Received Import Request.
  Time since last request: 0.000178 seconds.
  path: Assets/Crafting Mecanim Animation Pack FREE/Animations/Crafter@Carry-Pickup.FBX
  artifactKey: Guid(b2a587f4ca04a5b499926144e18c43e3) Importer(815301076,1909f56bfc062723c751e8b465ee728b)
Start importing Assets/Crafting Mecanim Animation Pack FREE/Animations/Crafter@Carry-Pickup.FBX using Guid(b2a587f4ca04a5b499926144e18c43e3) Importer(815301076,1909f56bfc062723c751e8b465ee728b)  -> (artifact id: '9df081cd901b598a6aaade1a53d7747a') in 0.022469 seconds 
========================================================================
Received Import Request.
  Time since last request: 0.000240 seconds.
  path: Assets/MegaHypercasualCharacterPack/StickmanCharacter/models/CharacterBaseT-Pose.fbx
  artifactKey: Guid(effb8a0639bb22d4a82adb6dda7a0361) Importer(815301076,1909f56bfc062723c751e8b465ee728b)
Start importing Assets/MegaHypercasualCharacterPack/StickmanCharacter/models/CharacterBaseT-Pose.fbx using Guid(effb8a0639bb22d4a82adb6dda7a0361) Importer(815301076,1909f56bfc062723c751e8b465ee728b)  -> (artifact id: '21ce5f9833ffcfcbf670130454b1371d') in 0.037621 seconds 
========================================================================
Received Import Request.
  Time since last request: 0.000226 seconds.
  path: Assets/Animation/BasicMotions@Idle02.fbx
  artifactKey: Guid(69d59c13a83a7c74a8cc0607ded391ec) Importer(815301076,1909f56bfc062723c751e8b465ee728b)
Start importing Assets/Animation/BasicMotions@Idle02.fbx using Guid(69d59c13a83a7c74a8cc0607ded391ec) Importer(815301076,1909f56bfc062723c751e8b465ee728b)  -> (artifact id: 'e50c76434c29bd62577ed188e6672c4d') in 0.006253 seconds 
========================================================================
Received Import Request.
  Time since last request: 0.000239 seconds.
  path: Assets/AnimeGirlIdleAnimations_free/Animations/01_Idles/AGIA_Idle_generic_01.fbx
  artifactKey: Guid(ed9da12d6f4b19f40a7d42e35f7d738d) Importer(815301076,1909f56bfc062723c751e8b465ee728b)
Start importing Assets/AnimeGirlIdleAnimations_free/Animations/01_Idles/AGIA_Idle_generic_01.fbx using Guid(ed9da12d6f4b19f40a7d42e35f7d738d) Importer(815301076,1909f56bfc062723c751e8b465ee728b)  -> (artifact id: 'b4b59c0cf6e17247f53379ba27dff0ab') in 0.013247 seconds 
========================================================================
Received Import Request.
  Time since last request: 0.000183 seconds.
  path: Assets/AnimeGirlIdleAnimations_free/Animations/01_Idles/AGIA_Idle_brave_01_hand_on_chest.fbx
  artifactKey: Guid(d0a1496d33662c546a0252d31ef12390) Importer(815301076,1909f56bfc062723c751e8b465ee728b)
Start importing Assets/AnimeGirlIdleAnimations_free/Animations/01_Idles/AGIA_Idle_brave_01_hand_on_chest.fbx using Guid(d0a1496d33662c546a0252d31ef12390) Importer(815301076,1909f56bfc062723c751e8b465ee728b)  -> (artifact id: 'c65da9a10133609ab427c425e6ac1cee') in 0.012889 seconds 
========================================================================
Received Import Request.
  Time since last request: 0.000191 seconds.
  path: Assets/MegaHypercasualCharacterPack/StickmanCharacter/models/CLongArmT-Pose.fbx
  artifactKey: Guid(6754cd5f55ac6764c821158cd1b55f46) Importer(815301076,1909f56bfc062723c751e8b465ee728b)
Start importing Assets/MegaHypercasualCharacterPack/StickmanCharacter/models/CLongArmT-Pose.fbx using Guid(6754cd5f55ac6764c821158cd1b55f46) Importer(815301076,1909f56bfc062723c751e8b465ee728b)  -> (artifact id: '6adcd62b49525c5d285f22511e7e8c53') in 0.016910 seconds 
========================================================================
Received Import Request.
  Time since last request: 0.000182 seconds.
  path: Assets/MegaHypercasualCharacterPack/StickmanCharacter/models/HypercasualStickmanT-Pose.fbx
  artifactKey: Guid(e384d300351f7be4891792340116a6b5) Importer(815301076,1909f56bfc062723c751e8b465ee728b)
Start importing Assets/MegaHypercasualCharacterPack/StickmanCharacter/models/HypercasualStickmanT-Pose.fbx using Guid(e384d300351f7be4891792340116a6b5) Importer(815301076,1909f56bfc062723c751e8b465ee728b)  -> (artifact id: '0ff085e75d9199916556f15dcf081242') in 0.017604 seconds 
========================================================================
Received Import Request.
  Time since last request: 0.000190 seconds.
  path: Assets/Crafting Mecanim Animation Pack FREE/Animations/Crafter@Carry-WalkForward.FBX
  artifactKey: Guid(162153b6daf740d40af9afa52412194b) Importer(815301076,1909f56bfc062723c751e8b465ee728b)
Start importing Assets/Crafting Mecanim Animation Pack FREE/Animations/Crafter@Carry-WalkForward.FBX using Guid(162153b6daf740d40af9afa52412194b) Importer(815301076,1909f56bfc062723c751e8b465ee728b)  -> (artifact id: '779ac586d39a1c8b99161eac16011c91') in 0.019672 seconds 
========================================================================
Received Import Request.
  Time since last request: 0.000164 seconds.
  path: Assets/AnimeGirlIdleAnimations_free/Animations/03_Others/AGIA_Other_waving_arm_01.fbx
  artifactKey: Guid(3fc385a68b1645a42a16d55d5ef62872) Importer(815301076,1909f56bfc062723c751e8b465ee728b)
Start importing Assets/AnimeGirlIdleAnimations_free/Animations/03_Others/AGIA_Other_waving_arm_01.fbx using Guid(3fc385a68b1645a42a16d55d5ef62872) Importer(815301076,1909f56bfc062723c751e8b465ee728b)  -> (artifact id: '05853fbfdb8b16344924c1b5393ba554') in 0.004947 seconds 
========================================================================
Received Import Request.
  Time since last request: 0.000211 seconds.
  path: Assets/Animation/BasicMotions@Idle01.fbx
  artifactKey: Guid(a3422ad278cd9a94aa3da8e6bff9deea) Importer(815301076,1909f56bfc062723c751e8b465ee728b)
Start importing Assets/Animation/BasicMotions@Idle01.fbx using Guid(a3422ad278cd9a94aa3da8e6bff9deea) Importer(815301076,1909f56bfc062723c751e8b465ee728b)  -> (artifact id: '0c24da7fd7ad0ec40f621cd31643c70a') in 0.006230 seconds 
========================================================================
Received Import Request.
  Time since last request: 0.000184 seconds.
  path: Assets/AnimeGirlIdleAnimations_free/Animations/01_Idles/AGIA_Idle_surprise_01_hands_open_front.fbx
  artifactKey: Guid(5fcbef9157cd30a438c621f85829a570) Importer(815301076,1909f56bfc062723c751e8b465ee728b)
Start importing Assets/AnimeGirlIdleAnimations_free/Animations/01_Idles/AGIA_Idle_surprise_01_hands_open_front.fbx using Guid(5fcbef9157cd30a438c621f85829a570) Importer(815301076,1909f56bfc062723c751e8b465ee728b)  -> (artifact id: '826f40bfcc3193fe48de03d8a2fbd2d4') in 0.013288 seconds 
========================================================================
Received Import Request.
  Time since last request: 0.000169 seconds.
  path: Assets/MegaHypercasualCharacterPack/StickmanCharacter/models/SetMuscleT-Pose.fbx
  artifactKey: Guid(b8e7a237e419ead4fa1d92de5f673aeb) Importer(815301076,1909f56bfc062723c751e8b465ee728b)
Start importing Assets/MegaHypercasualCharacterPack/StickmanCharacter/models/SetMuscleT-Pose.fbx using Guid(b8e7a237e419ead4fa1d92de5f673aeb) Importer(815301076,1909f56bfc062723c751e8b465ee728b)  -> (artifact id: '8c8c343d471cc2de58238c5af5a2fd3c') in 0.017800 seconds 
========================================================================
Received Import Request.
  Time since last request: 0.000158 seconds.
  path: Assets/MegaHypercasualCharacterPack/StickmanCharacter/models/LongStickman2T-Pose.fbx
  artifactKey: Guid(4727268f1913ffa4181b45cea65209e5) Importer(815301076,1909f56bfc062723c751e8b465ee728b)
Start importing Assets/MegaHypercasualCharacterPack/StickmanCharacter/models/LongStickman2T-Pose.fbx using Guid(4727268f1913ffa4181b45cea65209e5) Importer(815301076,1909f56bfc062723c751e8b465ee728b)  -> (artifact id: '4d45ed29a49ebd58c4d7b1ce2a7d9731') in 0.017262 seconds 
========================================================================
Received Import Request.
  Time since last request: 0.000179 seconds.
  path: Assets/Crafting Mecanim Animation Pack FREE/Animations/Crafter@Carry-Recieve.FBX
  artifactKey: Guid(37ddfaf78534bd2439991ef23e3c19fa) Importer(815301076,1909f56bfc062723c751e8b465ee728b)
Start importing Assets/Crafting Mecanim Animation Pack FREE/Animations/Crafter@Carry-Recieve.FBX using Guid(37ddfaf78534bd2439991ef23e3c19fa) Importer(815301076,1909f56bfc062723c751e8b465ee728b)  -> (artifact id: '5cb629aaf9e0e8fc3d7836f49f361121') in 0.021750 seconds 
========================================================================
Received Import Request.
  Time since last request: 0.000183 seconds.
  path: Assets/Crafting Mecanim Animation Pack FREE/Animations/Crafter@Carry-Putdown.FBX
  artifactKey: Guid(58ec9f3e52559b3418389d4b08295d60) Importer(815301076,1909f56bfc062723c751e8b465ee728b)
Start importing Assets/Crafting Mecanim Animation Pack FREE/Animations/Crafter@Carry-Putdown.FBX using Guid(58ec9f3e52559b3418389d4b08295d60) Importer(815301076,1909f56bfc062723c751e8b465ee728b)  -> (artifact id: 'b7a038b25cc29d04b451a1830b2b5ed2') in 0.019894 seconds 
========================================================================
Received Import Request.
  Time since last request: 0.000175 seconds.
  path: Assets/AnimeGirlIdleAnimations_free/Animations/01_Idles/AGIA_Idle_concern_01_right_hand_front.fbx
  artifactKey: Guid(7dc8eb104314a4944a5887adeaa304e1) Importer(815301076,1909f56bfc062723c751e8b465ee728b)
Start importing Assets/AnimeGirlIdleAnimations_free/Animations/01_Idles/AGIA_Idle_concern_01_right_hand_front.fbx using Guid(7dc8eb104314a4944a5887adeaa304e1) Importer(815301076,1909f56bfc062723c751e8b465ee728b)  -> (artifact id: '1e500901ded3c5ac105526a2bbdfe841') in 0.014794 seconds 
========================================================================
Received Import Request.
  Time since last request: 0.000163 seconds.
  path: Assets/AnimeGirlIdleAnimations_free/Animations/03_Others/AGIA_Other_walking_01.fbx
  artifactKey: Guid(d843fa641f8f7244784c6e2868ac793c) Importer(815301076,1909f56bfc062723c751e8b465ee728b)
Start importing Assets/AnimeGirlIdleAnimations_free/Animations/03_Others/AGIA_Other_walking_01.fbx using Guid(d843fa641f8f7244784c6e2868ac793c) Importer(815301076,1909f56bfc062723c751e8b465ee728b)  -> (artifact id: '294c5539ff0b35499e98bc8817221f5f') in 0.006114 seconds 
========================================================================
Received Import Request.
  Time since last request: 0.000196 seconds.
  path: Assets/MegaHypercasualCharacterPack/StickmanCharacter/models/CharacterFatLongT-Pose.fbx
  artifactKey: Guid(d268c5517eeccee488ffcda0058b7d7e) Importer(815301076,1909f56bfc062723c751e8b465ee728b)
Start importing Assets/MegaHypercasualCharacterPack/StickmanCharacter/models/CharacterFatLongT-Pose.fbx using Guid(d268c5517eeccee488ffcda0058b7d7e) Importer(815301076,1909f56bfc062723c751e8b465ee728b)  -> (artifact id: '00796d415a2619e1e328d01bb131ab73') in 0.019465 seconds 
========================================================================
Received Import Request.
  Time since last request: 0.000160 seconds.
  path: Assets/MegaHypercasualCharacterPack/StickmanCharacter/models/LongStickman1T-Pose.fbx
  artifactKey: Guid(aba595711b03bb14f9e9696a2f9727df) Importer(815301076,1909f56bfc062723c751e8b465ee728b)
Start importing Assets/MegaHypercasualCharacterPack/StickmanCharacter/models/LongStickman1T-Pose.fbx using Guid(aba595711b03bb14f9e9696a2f9727df) Importer(815301076,1909f56bfc062723c751e8b465ee728b)  -> (artifact id: 'd9813cdde192e98df1d4e0cca15607bc') in 0.019056 seconds 
========================================================================
Received Import Request.
  Time since last request: 0.000218 seconds.
  path: Assets/AnimeGirlIdleAnimations_free/Animations/01_Idles/AGIA_Idle_calm_01_hands_on_back.fbx
  artifactKey: Guid(f4b0f8988d4983a48af783ce4dcc6e02) Importer(815301076,1909f56bfc062723c751e8b465ee728b)
Start importing Assets/AnimeGirlIdleAnimations_free/Animations/01_Idles/AGIA_Idle_calm_01_hands_on_back.fbx using Guid(f4b0f8988d4983a48af783ce4dcc6e02) Importer(815301076,1909f56bfc062723c751e8b465ee728b)  -> (artifact id: 'ce75b4255b312938cecdd91f4f337b74') in 0.013732 seconds 
========================================================================
Received Import Request.
  Time since last request: 0.000179 seconds.
  path: Assets/MegaHypercasualCharacterPack/StickmanCharacter/models/CharacterFatT-Pose.fbx
  artifactKey: Guid(fd4efdd65a07c364bbc0799b33f21840) Importer(815301076,1909f56bfc062723c751e8b465ee728b)
Start importing Assets/MegaHypercasualCharacterPack/StickmanCharacter/models/CharacterFatT-Pose.fbx using Guid(fd4efdd65a07c364bbc0799b33f21840) Importer(815301076,1909f56bfc062723c751e8b465ee728b)  -> (artifact id: '258d69a0c236c9f72c4289c5ff5ad3f9') in 0.018132 seconds 
========================================================================
Received Import Request.
  Time since last request: 0.000181 seconds.
  path: Assets/AnimeGirlIdleAnimations_free/Animations/01_Idles/AGIA_Idle_angry_01_hands_on_waist.fbx
  artifactKey: Guid(60dabac2fc94db4429ca6b8047db5403) Importer(815301076,1909f56bfc062723c751e8b465ee728b)
Start importing Assets/AnimeGirlIdleAnimations_free/Animations/01_Idles/AGIA_Idle_angry_01_hands_on_waist.fbx using Guid(60dabac2fc94db4429ca6b8047db5403) Importer(815301076,1909f56bfc062723c751e8b465ee728b)  -> (artifact id: '3e279685cc329e4cc0dd615819bfd7f6') in 0.013796 seconds 
========================================================================
Received Import Request.
  Time since last request: 0.000178 seconds.
  path: Assets/Crafting Mecanim Animation Pack FREE/Animations/Crafter@Carry-Handoff.FBX
  artifactKey: Guid(5ddce69c55ff9b04886b01d04097b8a4) Importer(815301076,1909f56bfc062723c751e8b465ee728b)
Start importing Assets/Crafting Mecanim Animation Pack FREE/Animations/Crafter@Carry-Handoff.FBX using Guid(5ddce69c55ff9b04886b01d04097b8a4) Importer(815301076,1909f56bfc062723c751e8b465ee728b)  -> (artifact id: '18f456afec5f703d574193eef40ff3c0') in 0.021116 seconds 
========================================================================
Received Import Request.
  Time since last request: 0.000188 seconds.
  path: Assets/MegaHypercasualCharacterPack/StickmanCharacter/models/CBaseT-Pose.fbx
  artifactKey: Guid(7a326ca840d7b624c80c645ceffad32a) Importer(815301076,1909f56bfc062723c751e8b465ee728b)
Start importing Assets/MegaHypercasualCharacterPack/StickmanCharacter/models/CBaseT-Pose.fbx using Guid(7a326ca840d7b624c80c645ceffad32a) Importer(815301076,1909f56bfc062723c751e8b465ee728b)  -> (artifact id: '893f1cadfaa1084d0b25bfdce0a84037') in 0.092529 seconds 
========================================================================
Received Import Request.
  Time since last request: 0.000239 seconds.
  path: Assets/MegaHypercasualCharacterPack/StickmanCharacter/models/LongStickman3T-Pose.fbx
  artifactKey: Guid(40f6856c591755946bfc0990f413df93) Importer(815301076,1909f56bfc062723c751e8b465ee728b)
Start importing Assets/MegaHypercasualCharacterPack/StickmanCharacter/models/LongStickman3T-Pose.fbx using Guid(40f6856c591755946bfc0990f413df93) Importer(815301076,1909f56bfc062723c751e8b465ee728b)  -> (artifact id: 'e12ea5f03eae8660f37dfcd72beb2cfa') in 0.017750 seconds 
========================================================================
Received Import Request.
  Time since last request: 0.000278 seconds.
  path: Assets/MegaHypercasualCharacterPack/StickmanCharacter/models/CFatT-Pose.fbx
  artifactKey: Guid(d655c63936bda1a4eaac6c6178fc3247) Importer(815301076,1909f56bfc062723c751e8b465ee728b)
Start importing Assets/MegaHypercasualCharacterPack/StickmanCharacter/models/CFatT-Pose.fbx using Guid(d655c63936bda1a4eaac6c6178fc3247) Importer(815301076,1909f56bfc062723c751e8b465ee728b)  -> (artifact id: 'f9bd9364a62aee804f4e0eefb4271871') in 0.019793 seconds 
========================================================================
Received Import Request.
  Time since last request: 0.000238 seconds.
  path: Assets/Crafting Mecanim Animation Pack FREE/Animations/Crafter@Carry-Idle.FBX
  artifactKey: Guid(146ee0d9785594246b326dbe93605b19) Importer(815301076,1909f56bfc062723c751e8b465ee728b)
Start importing Assets/Crafting Mecanim Animation Pack FREE/Animations/Crafter@Carry-Idle.FBX using Guid(146ee0d9785594246b326dbe93605b19) Importer(815301076,1909f56bfc062723c751e8b465ee728b)  -> (artifact id: '087cb44407538e11db79e39a1dba386c') in 0.023519 seconds 
========================================================================
Received Import Request.
  Time since last request: 0.000257 seconds.
  path: Assets/Crafting Mecanim Animation Pack FREE/Animations/Crafter@Idle.FBX
  artifactKey: Guid(98ddef338e872ea4c8f247bcd5247a23) Importer(815301076,1909f56bfc062723c751e8b465ee728b)
Start importing Assets/Crafting Mecanim Animation Pack FREE/Animations/Crafter@Idle.FBX using Guid(98ddef338e872ea4c8f247bcd5247a23) Importer(815301076,1909f56bfc062723c751e8b465ee728b)  -> (artifact id: '25d5e948a0a530bb05788fd3aab6d934') in 0.021315 seconds 
========================================================================
Received Import Request.
  Time since last request: 0.000243 seconds.
  path: Assets/AnimeGirlIdleAnimations_free/Animations/01_Idles/AGIA_Idle_pitiable_01_right_hand_on_back_head.fbx
  artifactKey: Guid(6f54b9ed491ce8d48b5e415994ba5d0a) Importer(815301076,1909f56bfc062723c751e8b465ee728b)
Start importing Assets/AnimeGirlIdleAnimations_free/Animations/01_Idles/AGIA_Idle_pitiable_01_right_hand_on_back_head.fbx using Guid(6f54b9ed491ce8d48b5e415994ba5d0a) Importer(815301076,1909f56bfc062723c751e8b465ee728b)  -> (artifact id: '735adf05604b83cb02d7293d3ec71086') in 0.015023 seconds 
========================================================================
Received Import Request.
  Time since last request: 0.000386 seconds.
  path: Assets/MegaHypercasualCharacterPack/StickmanCharacter/models/FirstHyperCasualStickmanT-Pose.fbx
  artifactKey: Guid(e53232d630799c640a5bb78e4a11eda8) Importer(815301076,1909f56bfc062723c751e8b465ee728b)
Start importing Assets/MegaHypercasualCharacterPack/StickmanCharacter/models/FirstHyperCasualStickmanT-Pose.fbx using Guid(e53232d630799c640a5bb78e4a11eda8) Importer(815301076,1909f56bfc062723c751e8b465ee728b)  -> (artifact id: '6f8ee31950bab7bc7bb3d84194cec955') in 0.021696 seconds 
========================================================================
Received Import Request.
  Time since last request: 0.000242 seconds.
  path: Assets/MegaHypercasualCharacterPack/StickmanCharacter/models/SetMuscleShortT-Pose.fbx
  artifactKey: Guid(5f5c363c140918e43b3cd96dea8d74a5) Importer(815301076,1909f56bfc062723c751e8b465ee728b)
Start importing Assets/MegaHypercasualCharacterPack/StickmanCharacter/models/SetMuscleShortT-Pose.fbx using Guid(5f5c363c140918e43b3cd96dea8d74a5) Importer(815301076,1909f56bfc062723c751e8b465ee728b)  -> (artifact id: '5bd3e58fd876515fa17031c18233b4f4') in 0.021039 seconds 
========================================================================
Received Import Request.
  Time since last request: 0.000231 seconds.
  path: Assets/MegaHypercasualCharacterPack/StickmanCharacter/models/CLongMuscleT-Pose.fbx
  artifactKey: Guid(db734111c07942144a8628ec41c0fe1c) Importer(815301076,1909f56bfc062723c751e8b465ee728b)
Start importing Assets/MegaHypercasualCharacterPack/StickmanCharacter/models/CLongMuscleT-Pose.fbx using Guid(db734111c07942144a8628ec41c0fe1c) Importer(815301076,1909f56bfc062723c751e8b465ee728b)  -> (artifact id: '7d70bd00afed8ec033ea8b1351243989') in 0.021034 seconds 
========================================================================
Received Import Request.
  Time since last request: 0.000241 seconds.
  path: Assets/AnimeGirlIdleAnimations_free/Animations/01_Idles/AGIA_Idle_energetic_02_right_hand_piece.fbx
  artifactKey: Guid(307bebec08a84df43b7c58ee53ef33f8) Importer(815301076,1909f56bfc062723c751e8b465ee728b)
Start importing Assets/AnimeGirlIdleAnimations_free/Animations/01_Idles/AGIA_Idle_energetic_02_right_hand_piece.fbx using Guid(307bebec08a84df43b7c58ee53ef33f8) Importer(815301076,1909f56bfc062723c751e8b465ee728b)  -> (artifact id: 'afa3e95ad912685abbf3fcfe9793740a') in 0.013395 seconds 
========================================================================
Received Import Request.
  Time since last request: 0.000220 seconds.
  path: Assets/MegaHypercasualCharacterPack/StickmanCharacter/models/CharacterFat1T-Pose.fbx
  artifactKey: Guid(95790b81cb31329489ec38f9f888c975) Importer(815301076,1909f56bfc062723c751e8b465ee728b)
Start importing Assets/MegaHypercasualCharacterPack/StickmanCharacter/models/CharacterFat1T-Pose.fbx using Guid(95790b81cb31329489ec38f9f888c975) Importer(815301076,1909f56bfc062723c751e8b465ee728b)  -> (artifact id: '4cbbb29338840758ddeb1dd1da29875f') in 0.020566 seconds 
========================================================================
Received Prepare
Refreshing native plugins compatible for Editor in 3.73 ms, found 3 plugins.
Preloading 0 native plugins for Editor in 0.00 ms.
Unloading 17 Unused Serialized files (Serialized files now loaded: 0)
System memory in use before: 78.6 MB.
System memory in use after: 78.8 MB.

Unloading 18 unused Assets to reduce memory usage. Loaded Objects now: 3887.
Total: 3.882700 ms (FindLiveObjects: 0.317900 ms CreateObjectMapping: 0.084700 ms MarkObjects: 3.455400 ms  DeleteObjects: 0.023800 ms)

AssetImportParameters requested are different than current active one (requested -> active):
  custom:framework-win-MediaFoundation: 216162199b28c13a410421893ffa2e32 -> 
  custom:video-decoder-ogg-theora: a1e56fd34408186e4bbccfd4996cb3dc -> 
  custom:container-muxer-webm: aa71ff27fc2769a1b78a27578f13a17b -> 
  custom:container-demuxer-webm: 4f35f7cbe854078d1ac9338744f61a02 -> 
  custom:container-demuxer-ogg: 62fdf1f143b41e24485cea50d1cbac27 -> 
  custom:video-encoder-webm-vp8: eb34c28f22e8b96e1ab97ce403110664 -> 
  custom:video-decoder-webm-vp8: 9c59270c3fd7afecdb556c50c9e8de78 -> 
  custom:audio-decoder-ogg-vorbis: bf7c407c2cedff20999df2af8eb42d56 -> 
  custom:audio-encoder-webm-vorbis: bf7c407c2cedff20999df2af8eb42d56 -> 
========================================================================
Received Prepare
Registering precompiled user dll's ...
Registered in 0.004944 seconds.
Begin MonoManager ReloadAssembly
Symbol file LoadedFromMemory doesn't match image C:\Users\Doga\Desktop\UnityProjects\OfficeFever\Library\PackageCache\com.unity.visualscripting@1.6.1\Editor\VisualScripting.Core\Dependencies\YamlDotNet\Unity.VisualScripting.YamlDotNet.dll
Symbol file LoadedFromMemory doesn't match image C:\Users\Doga\Desktop\UnityProjects\OfficeFever\Library\PackageCache\com.unity.visualscripting@1.6.1\Editor\VisualScripting.Core\Dependencies\DotNetZip\Unity.VisualScripting.IonicZip.dll
Native extension for WindowsStandalone target not found
Refreshing native plugins compatible for Editor in 1.75 ms, found 3 plugins.
Preloading 0 native plugins for Editor in 0.00 ms.
Mono: successfully reloaded assembly
- Completed reload, in  1.095 seconds
Domain Reload Profiling:
	ReloadAssembly (1095ms)
		BeginReloadAssembly (114ms)
			ExecutionOrderSort (0ms)
			DisableScriptedObjects (4ms)
			BackupInstance (0ms)
			ReleaseScriptingObjects (0ms)
			CreateAndSetChildDomain (39ms)
		EndReloadAssembly (926ms)
			LoadAssemblies (80ms)
			RebuildTransferFunctionScriptingTraits (0ms)
			SetupTypeCache (305ms)
			ReleaseScriptCaches (1ms)
			RebuildScriptCaches (51ms)
			SetupLoadedEditorAssemblies (386ms)
				LogAssemblyErrors (0ms)
				InitializePlatformSupportModulesInManaged (5ms)
				SetLoadedEditorAssemblies (0ms)
				RefreshPlugins (2ms)
				BeforeProcessingInitializeOnLoad (54ms)
				ProcessInitializeOnLoadAttributes (315ms)
				ProcessInitializeOnLoadMethodAttributes (5ms)
				AfterProcessingInitializeOnLoad (5ms)
				EditorAssembliesLoaded (0ms)
			ExecutionOrderSort2 (0ms)
			AwakeInstancesAfterBackupRestoration (6ms)
Platform modules already initialized, skipping
Refreshing native plugins compatible for Editor in 1.03 ms, found 3 plugins.
Preloading 0 native plugins for Editor in 0.00 ms.
Unloading 3357 Unused Serialized files (Serialized files now loaded: 0)
System memory in use before: 144.5 MB.
System memory in use after: 144.8 MB.

Unloading 19 unused Assets to reduce memory usage. Loaded Objects now: 3890.
Total: 3.539900 ms (FindLiveObjects: 0.293600 ms CreateObjectMapping: 0.101400 ms MarkObjects: 3.120900 ms  DeleteObjects: 0.023300 ms)

AssetImportParameters requested are different than current active one (requested -> active):
  custom:framework-win-MediaFoundation: 216162199b28c13a410421893ffa2e32 -> 
  custom:video-decoder-ogg-theora: a1e56fd34408186e4bbccfd4996cb3dc -> 
  custom:container-muxer-webm: aa71ff27fc2769a1b78a27578f13a17b -> 
  custom:container-demuxer-webm: 4f35f7cbe854078d1ac9338744f61a02 -> 
  custom:container-demuxer-ogg: 62fdf1f143b41e24485cea50d1cbac27 -> 
  custom:video-encoder-webm-vp8: eb34c28f22e8b96e1ab97ce403110664 -> 
  custom:video-decoder-webm-vp8: 9c59270c3fd7afecdb556c50c9e8de78 -> 
  custom:audio-decoder-ogg-vorbis: bf7c407c2cedff20999df2af8eb42d56 -> 
  custom:audio-encoder-webm-vorbis: bf7c407c2cedff20999df2af8eb42d56 -> 
========================================================================
Received Prepare
Registering precompiled user dll's ...
Registered in 0.004703 seconds.
Begin MonoManager ReloadAssembly
Symbol file LoadedFromMemory doesn't match image C:\Users\Doga\Desktop\UnityProjects\OfficeFever\Library\PackageCache\com.unity.visualscripting@1.6.1\Editor\VisualScripting.Core\Dependencies\YamlDotNet\Unity.VisualScripting.YamlDotNet.dll
Symbol file LoadedFromMemory doesn't match image C:\Users\Doga\Desktop\UnityProjects\OfficeFever\Library\PackageCache\com.unity.visualscripting@1.6.1\Editor\VisualScripting.Core\Dependencies\DotNetZip\Unity.VisualScripting.IonicZip.dll
Native extension for WindowsStandalone target not found
Refreshing native plugins compatible for Editor in 1.16 ms, found 3 plugins.
Preloading 0 native plugins for Editor in 0.00 ms.
Mono: successfully reloaded assembly
- Completed reload, in  1.092 seconds
Domain Reload Profiling:
	ReloadAssembly (1093ms)
		BeginReloadAssembly (117ms)
			ExecutionOrderSort (0ms)
			DisableScriptedObjects (4ms)
			BackupInstance (0ms)
			ReleaseScriptingObjects (0ms)
			CreateAndSetChildDomain (38ms)
		EndReloadAssembly (921ms)
			LoadAssemblies (77ms)
			RebuildTransferFunctionScriptingTraits (0ms)
			SetupTypeCache (312ms)
			ReleaseScriptCaches (1ms)
			RebuildScriptCaches (47ms)
			SetupLoadedEditorAssemblies (389ms)
				LogAssemblyErrors (0ms)
				InitializePlatformSupportModulesInManaged (5ms)
				SetLoadedEditorAssemblies (0ms)
				RefreshPlugins (1ms)
				BeforeProcessingInitializeOnLoad (57ms)
				ProcessInitializeOnLoadAttributes (315ms)
				ProcessInitializeOnLoadMethodAttributes (5ms)
				AfterProcessingInitializeOnLoad (5ms)
				EditorAssembliesLoaded (0ms)
			ExecutionOrderSort2 (0ms)
			AwakeInstancesAfterBackupRestoration (6ms)
Platform modules already initialized, skipping
Refreshing native plugins compatible for Editor in 1.07 ms, found 3 plugins.
Preloading 0 native plugins for Editor in 0.00 ms.
Unloading 3357 Unused Serialized files (Serialized files now loaded: 0)
System memory in use before: 144.6 MB.
System memory in use after: 144.8 MB.

Unloading 19 unused Assets to reduce memory usage. Loaded Objects now: 3893.
Total: 4.346400 ms (FindLiveObjects: 0.304400 ms CreateObjectMapping: 0.086600 ms MarkObjects: 3.922600 ms  DeleteObjects: 0.032000 ms)

AssetImportParameters requested are different than current active one (requested -> active):
  custom:framework-win-MediaFoundation: 216162199b28c13a410421893ffa2e32 -> 
  custom:video-decoder-ogg-theora: a1e56fd34408186e4bbccfd4996cb3dc -> 
  custom:container-muxer-webm: aa71ff27fc2769a1b78a27578f13a17b -> 
  custom:container-demuxer-webm: 4f35f7cbe854078d1ac9338744f61a02 -> 
  custom:container-demuxer-ogg: 62fdf1f143b41e24485cea50d1cbac27 -> 
  custom:video-encoder-webm-vp8: eb34c28f22e8b96e1ab97ce403110664 -> 
  custom:video-decoder-webm-vp8: 9c59270c3fd7afecdb556c50c9e8de78 -> 
  custom:audio-decoder-ogg-vorbis: bf7c407c2cedff20999df2af8eb42d56 -> 
  custom:audio-encoder-webm-vorbis: bf7c407c2cedff20999df2af8eb42d56 -> 
AssetImportWorkerClient::OnTransportError - code=2 error=End of file
